<?xml version="1.0" encoding="UTF-8"?>
<!-- Generated by org.testng.reporters.JUnitReportReporter -->
<testsuite hostname="DESKTOP-PSQJR0C" failures="0" tests="1" name="QA.firstselectedoption" time="0.347" errors="0" timestamp="2023-10-28T21:21:17 IST" skipped="0">
  <testcase classname="QA.firstselectedoption" name="optionss" time="0.347"/>
  <system-out/>
</testsuite> <!-- QA.firstselectedoption -->
