<?xml version="1.0" encoding="UTF-8"?>
<!-- Generated by org.testng.reporters.JUnitReportReporter -->
<testsuite hostname="DESKTOP-PSQJR0C" failures="0" tests="1" name="QA.Boolean_oneway" time="0.089" errors="0" timestamp="2023-10-31T22:35:36 IST" skipped="0">
  <testcase classname="QA.Boolean_oneway" name="options" time="0.089"/>
  <system-out/>
</testsuite> <!-- QA.Boolean_oneway -->
