<?xml version="1.0" encoding="UTF-8"?>
<!-- Generated by org.testng.reporters.JUnitReportReporter -->
<testsuite hostname="DESKTOP-PSQJR0C" failures="0" tests="1" name="QA.Enhancing_student_QA_form" time="41.135" errors="0" timestamp="2023-11-01T10:45:14 IST" skipped="0">
  <testcase classname="QA.Enhancing_student_QA_form" name="improvement" time="41.135"/>
  <system-out/>
</testsuite> <!-- QA.Enhancing_student_QA_form -->
