<?xml version="1.0" encoding="UTF-8"?>
<!-- Generated by org.testng.reporters.JUnitReportReporter -->
<testsuite hostname="DESKTOP-PSQJR0C" failures="0" tests="1" name="QA.INR_optionsvalidation" time="0.865" errors="0" timestamp="2023-11-01T02:05:03 IST" skipped="0">
  <testcase classname="QA.INR_optionsvalidation" name="options" time="0.865"/>
  <system-out/>
</testsuite> <!-- QA.INR_optionsvalidation -->
