<?xml version="1.0" encoding="UTF-8"?>
<!-- Generated by org.testng.reporters.JUnitReportReporter -->
<testsuite hostname="DESKTOP-PSQJR0C" failures="0" tests="3" name="QA.informationcommands" time="0.187" errors="0" timestamp="2023-10-28T20:44:48 IST" skipped="0">
  <testcase classname="QA.informationcommands" name="gmail" time="0.084"/>
  <system-out/>
  <testcase classname="QA.informationcommands" name="google_image" time="0.060"/>
  <system-out/>
  <testcase classname="QA.informationcommands" name="searchbutton" time="0.043"/>
  <system-out/>
</testsuite> <!-- QA.informationcommands -->
