<?xml version="1.0" encoding="UTF-8"?>
<!-- Generated by org.testng.reporters.JUnitReportReporter -->
<testsuite hostname="DESKTOP-PSQJR0C" failures="0" tests="1" name="QA.popupwindow" time="27.416" errors="0" timestamp="2023-10-31T00:33:55 IST" skipped="0">
  <testcase classname="QA.popupwindow" name="windowpopup" time="27.416"/>
  <system-out/>
</testsuite> <!-- QA.popupwindow -->
