<?xml version="1.0" encoding="UTF-8"?>
<!-- Generated by org.testng.reporters.JUnitReportReporter -->
<testsuite hostname="DESKTOP-PSQJR0C" failures="0" tests="1" name="QA.alerts" time="3.125" errors="0" timestamp="2023-10-31T16:59:37 IST" skipped="0">
  <testcase classname="QA.alerts" name="handlingalerts" time="3.125"/>
  <system-out/>
</testsuite> <!-- QA.alerts -->
