<?xml version="1.0" encoding="UTF-8"?>
<!-- Generated by org.testng.reporters.JUnitReportReporter -->
<testsuite hostname="DESKTOP-PSQJR0C" failures="0" tests="1" name="QA.mouseoveractions" time="8.438" errors="0" timestamp="2023-11-01T10:43:26 IST" skipped="0">
  <testcase classname="QA.mouseoveractions" name="mouseover" time="8.438"/>
  <system-out/>
</testsuite> <!-- QA.mouseoveractions -->
